<?xml version="1.0" encoding="UTF-8"?>
<testsuite xmlns:xsi="http://www.w3.org/2001/XMLSchema-instance" xsi:noNamespaceSchemaLocation="https://maven.apache.org/surefire/maven-surefire-plugin/xsd/surefire-test-report-3.0.xsd" version="3.0" name="utils.AlertHelperTest" time="0.091" tests="3" errors="0" skipped="0" failures="0">
  <properties>
[...]
</properties>
  <testcase name="testShowError" classname="utils.AlertHelperTest" time="0.081"/>
  <testcase name="testShowAlertList" classname="utils.AlertHelperTest" time="0.002"/>
  <testcase name="testShowInfo" classname="utils.AlertHelperTest" time="0.008"/>
</testsuite>